\BOOKMARK [0][]{chapter*.3}{Conference and Local Information}{}% 1
\BOOKMARK [1][]{section*.4}{Help and Emergencies}{chapter*.3}% 2
\BOOKMARK [1][]{section*.5}{About Technische Universit\344t Berlin}{chapter*.3}% 3
\BOOKMARK [1][]{section*.6}{Internet / Wireless LAN}{chapter*.3}% 4
\BOOKMARK [1][]{section*.7}{Public Transport, Bike Rental, Cabs}{chapter*.3}% 5
\BOOKMARK [1][]{section*.8}{Conference and Workshops Venues:}{chapter*.3}% 6
\BOOKMARK [1][]{section*.9}{Floor Plan Building H \205 Conference Venue}{chapter*.3}% 7
\BOOKMARK [1][]{section*.10}{Floor Plan Building MAR \205 Workshops Venue}{chapter*.3}% 8
\BOOKMARK [1][]{section*.11}{Floor Plan Interactive Presentations \205 Lichthof}{chapter*.3}% 9
\BOOKMARK [1][]{section*.12}{Banquet Information}{chapter*.3}% 10
\BOOKMARK [1][]{section*.13}{Public transport map}{chapter*.3}% 11
\BOOKMARK [0][]{chapter*.14}{Suggestions}{}% 12
\BOOKMARK [1][]{section*.15}{Lunch}{chapter*.14}% 13
\BOOKMARK [1][]{section*.16}{Dinner and Evening Activities}{chapter*.14}% 14
\BOOKMARK [0][]{chapter*.17}{Invited Talks}{}% 15
\BOOKMARK [0][]{chapter*.18}{Early Career Spotlight}{}% 16
\BOOKMARK [0][]{chapter*.19}{Workshops on Thursday, June 27}{}% 17
\BOOKMARK [0][]{chapter*.20}{Workshops on Friday, June 28}{}% 18
\BOOKMARK [0][]{chapter*.21}{Conference Organizers}{}% 19
\BOOKMARK [1][]{section*.22}{Organizing Comittee}{chapter*.21}% 20
\BOOKMARK [1][]{section*.22}{Local Arrangements Comittee}{chapter*.21}% 21
\BOOKMARK [0][]{chapter*.23}{Technical Program}{}% 22
\BOOKMARK [1][]{section*.24}{General Schedule}{chapter*.23}% 23
\BOOKMARK [1][]{section*.25}{Monday, June 24}{chapter*.23}% 24
\BOOKMARK [1][]{section*.26}{Tuesday, June 25}{chapter*.23}% 25
\BOOKMARK [1][]{section*.27}{Wednesday, June 26}{chapter*.23}% 26
\BOOKMARK [1][]{section*.28}{Thursday, June 27: Workshops 1-14}{chapter*.23}% 27
\BOOKMARK [1][]{section*.29}{Friday, June 28: Workshops 14-24}{chapter*.23}% 28
\BOOKMARK [0][]{chapter*.30}{Sponsors}{}% 29
