This is pdfTeX, Version 3.1415926-2.4-1.40.13 (TeX Live 2012/Debian) (format=pdflatex 2012.11.28)  19 JUN 2013 16:47
entering extended mode
 restricted \write18 enabled.
 %&-line parsing enabled.
**booklet.tex
(./booklet.tex
LaTeX2e <2011/06/27>
Babel <v3.8m> and hyphenation patterns for english, dumylang, nohyphenation, et
hiopic, farsi, arabic, pinyin, croatian, bulgarian, ukrainian, russian, slovak,
 czech, danish, dutch, usenglishmax, ukenglish, finnish, french, basque, ngerma
n, german, swissgerman, ngerman-x-2012-05-30, german-x-2012-05-30, monogreek, g
reek, ibycus, ancientgreek, hungarian, bengali, tamil, hindi, telugu, gujarati,
 sanskrit, malayalam, kannada, assamese, marathi, oriya, panjabi, italian, lati
n, latvian, lithuanian, mongolian, mongolianlmc, nynorsk, bokmal, indonesian, e
speranto, coptic, welsh, irish, interlingua, serbian, serbianc, slovenian, friu
lan, romansh, estonian, romanian, armenian, uppersorbian, turkish, afrikaans, i
celandic, kurmanji, polish, portuguese, galician, catalan, spanish, swedish, th
ai, loaded.
(/usr/share/texlive/texmf-dist/tex/latex/extsizes/extbook.cls
Document Class: extbook 1999/01/07 v1.4a NON-Standard LaTeX document class
(/usr/share/texlive/texmf-dist/tex/latex/extsizes/size9.clo
File: size9.clo 1999/11/11 v1.4a NON-Standard LaTeX file (size option)
)
(/usr/share/texlive/texmf-dist/tex/latex/base/exscale.sty
Package: exscale 2007/10/29 v2.1h Standard LaTeX package exscale
LaTeX Font Info:    Redeclaring symbol font `largesymbols' on input line 52.
LaTeX Font Info:    Overwriting symbol font `largesymbols' in version `normal'
(Font)                  OMX/cmex/m/n --> OMX/cmex/m/n on input line 52.
LaTeX Font Info:    Overwriting symbol font `largesymbols' in version `bold'
(Font)                  OMX/cmex/m/n --> OMX/cmex/m/n on input line 52.
\big@size=\dimen102
)
\c@part=\count79
\c@chapter=\count80
\c@section=\count81
\c@subsection=\count82
\c@subsubsection=\count83
\c@paragraph=\count84
\c@subparagraph=\count85
\c@figure=\count86
\c@table=\count87
\abovecaptionskip=\skip41
\belowcaptionskip=\skip42
\bibindent=\dimen103
)
(/usr/share/texlive/texmf-dist/tex/latex/base/ifthen.sty
Package: ifthen 2001/05/26 v1.1c Standard LaTeX ifthen package (DPC)
)
(/usr/share/texlive/texmf-dist/tex/latex/base/fleqn.sty

LaTeX Warning: inputting `fleqn.clo' instead of obsolete `fleqn.sty'.

(/usr/share/texlive/texmf-dist/tex/latex/base/fleqn.clo
File: fleqn.clo 1998/08/17 v1.1c Standard LaTeX option (flush left equations)
\mathindent=\dimen104
))
(/usr/share/texlive/texmf-dist/tex/latex/psnfss/times.sty
Package: times 2005/04/12 PSNFSS-v9.2a (SPQR) 
)
(/usr/share/texlive/texmf-dist/tex/generic/ulem/ulem.sty
\UL@box=\box26
\UL@hyphenbox=\box27
\UL@skip=\skip43
\UL@hook=\toks14
\UL@height=\dimen105
\UL@pe=\count88
\UL@pixel=\dimen106
\ULC@box=\box28
Package: ulem 2012/05/18
\ULdepth=\dimen107
)
(/usr/share/texlive/texmf-dist/tex/latex/eurosym/eurosym.sty
Package: eurosym 1998/08/06 v1.1 European currency symbol ``Euro''
\@eurobox=\box29
)
(/usr/share/texlive/texmf-dist/tex/latex/setspace/setspace.sty
Package: setspace 2011/12/19 v6.7a set line spacing
)
(/usr/share/texlive/texmf-dist/tex/latex/graphics/graphicx.sty
Package: graphicx 1999/02/16 v1.0f Enhanced LaTeX Graphics (DPC,SPQR)

(/usr/share/texlive/texmf-dist/tex/latex/graphics/keyval.sty
Package: keyval 1999/03/16 v1.13 key=value parser (DPC)
\KV@toks@=\toks15
)
(/usr/share/texlive/texmf-dist/tex/latex/graphics/graphics.sty
Package: graphics 2009/02/05 v1.0o Standard LaTeX Graphics (DPC,SPQR)

(/usr/share/texlive/texmf-dist/tex/latex/graphics/trig.sty
Package: trig 1999/03/16 v1.09 sin cos tan (DPC)
)
(/usr/share/texlive/texmf-dist/tex/latex/latexconfig/graphics.cfg
File: graphics.cfg 2010/04/23 v1.9 graphics configuration of TeX Live
)
Package graphics Info: Driver file: pdftex.def on input line 91.

(/usr/share/texlive/texmf-dist/tex/latex/pdftex-def/pdftex.def
File: pdftex.def 2011/05/27 v0.06d Graphics/color for pdfTeX

(/usr/share/texlive/texmf-dist/tex/generic/oberdiek/infwarerr.sty
Package: infwarerr 2010/04/08 v1.3 Providing info/warning/error messages (HO)
)
(/usr/share/texlive/texmf-dist/tex/generic/oberdiek/ltxcmds.sty
Package: ltxcmds 2011/11/09 v1.22 LaTeX kernel commands for general use (HO)
)
\Gread@gobject=\count89
))
\Gin@req@height=\dimen108
\Gin@req@width=\dimen109
)
(/usr/share/texlive/texmf-dist/tex/latex/oberdiek/epstopdf.sty
Package: epstopdf 2010/02/09 v2.5 Conversion with epstopdf on the fly (HO)

(/usr/share/texlive/texmf-dist/tex/latex/oberdiek/epstopdf-base.sty
Package: epstopdf-base 2010/02/09 v2.5 Base part for package epstopdf

(/usr/share/texlive/texmf-dist/tex/latex/oberdiek/grfext.sty
Package: grfext 2010/08/19 v1.1 Manage graphics extensions (HO)

(/usr/share/texlive/texmf-dist/tex/generic/oberdiek/kvdefinekeys.sty
Package: kvdefinekeys 2011/04/07 v1.3 Define keys (HO)
))
(/usr/share/texlive/texmf-dist/tex/latex/oberdiek/kvoptions.sty
Package: kvoptions 2011/06/30 v3.11 Key value format for package options (HO)

(/usr/share/texlive/texmf-dist/tex/generic/oberdiek/kvsetkeys.sty
Package: kvsetkeys 2012/04/25 v1.16 Key value parser (HO)

(/usr/share/texlive/texmf-dist/tex/generic/oberdiek/etexcmds.sty
Package: etexcmds 2011/02/16 v1.5 Avoid name clashes with e-TeX commands (HO)

(/usr/share/texlive/texmf-dist/tex/generic/oberdiek/ifluatex.sty
Package: ifluatex 2010/03/01 v1.3 Provides the ifluatex switch (HO)
Package ifluatex Info: LuaTeX not detected.
)
Package etexcmds Info: Could not find \expanded.
(etexcmds)             That can mean that you are not using pdfTeX 1.50 or
(etexcmds)             that some package has redefined \expanded.
(etexcmds)             In the latter case, load this package earlier.
)))
(/usr/share/texlive/texmf-dist/tex/generic/oberdiek/pdftexcmds.sty
Package: pdftexcmds 2011/11/29 v0.20 Utility functions of pdfTeX for LuaTeX (HO
)

(/usr/share/texlive/texmf-dist/tex/generic/oberdiek/ifpdf.sty
Package: ifpdf 2011/01/30 v2.3 Provides the ifpdf switch (HO)
Package ifpdf Info: pdfTeX in PDF mode is detected.
)
Package pdftexcmds Info: LuaTeX not detected.
Package pdftexcmds Info: \pdf@primitive is available.
Package pdftexcmds Info: \pdf@ifprimitive is available.
Package pdftexcmds Info: \pdfdraftmode found.
)
Package grfext Info: Graphics extension search list:
(grfext)             [.png,.pdf,.jpg,.mps,.jpeg,.jbig2,.jb2,.PNG,.PDF,.JPG,.JPE
G,.JBIG2,.JB2,.eps]
(grfext)             \AppendGraphicsExtensions on input line 452.

(/usr/share/texlive/texmf-dist/tex/latex/latexconfig/epstopdf-sys.cfg
File: epstopdf-sys.cfg 2010/07/13 v1.3 Configuration of (r)epstopdf for TeX Liv
e
)))
(/usr/share/texlive/texmf-dist/tex/latex/geometry/geometry.sty
Package: geometry 2010/09/12 v5.6 Page Geometry

(/usr/share/texlive/texmf-dist/tex/generic/oberdiek/ifvtex.sty
Package: ifvtex 2010/03/01 v1.5 Detect VTeX and its facilities (HO)
Package ifvtex Info: VTeX not detected.
)
(/usr/share/texlive/texmf-dist/tex/generic/ifxetex/ifxetex.sty
Package: ifxetex 2010/09/12 v0.6 Provides ifxetex conditional
)
\Gm@cnth=\count90
\Gm@cntv=\count91
\c@Gm@tempcnt=\count92
\Gm@bindingoffset=\dimen110
\Gm@wd@mp=\dimen111
\Gm@odd@mp=\dimen112
\Gm@even@mp=\dimen113
\Gm@layoutwidth=\dimen114
\Gm@layoutheight=\dimen115
\Gm@layouthoffset=\dimen116
\Gm@layoutvoffset=\dimen117
\Gm@dimlist=\toks16
)
(/usr/share/texlive/texmf-dist/tex/latex/wrapfig/wrapfig.sty
\wrapoverhang=\dimen118
\WF@size=\dimen119
\c@WF@wrappedlines=\count93
\WF@box=\box30
\WF@everypar=\toks17
Package: wrapfig 2003/01/31  v 3.6
)
(/usr/share/texlive/texmf-dist/tex/latex/hyperref/hyperref.sty
Package: hyperref 2012/05/13 v6.82q Hypertext links for LaTeX

(/usr/share/texlive/texmf-dist/tex/generic/oberdiek/hobsub-hyperref.sty
Package: hobsub-hyperref 2012/05/28 v1.13 Bundle oberdiek, subset hyperref (HO)


(/usr/share/texlive/texmf-dist/tex/generic/oberdiek/hobsub-generic.sty
Package: hobsub-generic 2012/05/28 v1.13 Bundle oberdiek, subset generic (HO)
Package: hobsub 2012/05/28 v1.13 Construct package bundles (HO)
Package hobsub Info: Skipping package `infwarerr' (already loaded).
Package hobsub Info: Skipping package `ltxcmds' (already loaded).
Package hobsub Info: Skipping package `ifluatex' (already loaded).
Package hobsub Info: Skipping package `ifvtex' (already loaded).
Package: intcalc 2007/09/27 v1.1 Expandable calculations with integers (HO)
Package hobsub Info: Skipping package `ifpdf' (already loaded).
Package hobsub Info: Skipping package `etexcmds' (already loaded).
Package hobsub Info: Skipping package `kvsetkeys' (already loaded).
Package hobsub Info: Skipping package `kvdefinekeys' (already loaded).
Package hobsub Info: Skipping package `pdftexcmds' (already loaded).
Package: pdfescape 2011/11/25 v1.13 Implements pdfTeX's escape features (HO)
Package: bigintcalc 2012/04/08 v1.3 Expandable calculations on big integers (HO
)
Package: bitset 2011/01/30 v1.1 Handle bit-vector datatype (HO)
Package: uniquecounter 2011/01/30 v1.2 Provide unlimited unique counter (HO)
)
Package hobsub Info: Skipping package `hobsub' (already loaded).
Package: letltxmacro 2010/09/02 v1.4 Let assignment for LaTeX macros (HO)
Package: hopatch 2012/05/28 v1.2 Wrapper for package hooks (HO)
Package: xcolor-patch 2011/01/30 xcolor patch
Package: atveryend 2011/06/30 v1.8 Hooks at the very end of document (HO)
Package atveryend Info: \enddocument detected (standard20110627).
Package: atbegshi 2011/10/05 v1.16 At begin shipout hook (HO)
Package: refcount 2011/10/16 v3.4 Data extraction from label references (HO)
Package: hycolor 2011/01/30 v1.7 Color options for hyperref/bookmark (HO)
)
\@linkdim=\dimen120
\Hy@linkcounter=\count94
\Hy@pagecounter=\count95

(/usr/share/texlive/texmf-dist/tex/latex/hyperref/pd1enc.def
File: pd1enc.def 2012/05/13 v6.82q Hyperref: PDFDocEncoding definition (HO)
)
\Hy@SavedSpaceFactor=\count96

(/usr/share/texlive/texmf-dist/tex/latex/latexconfig/hyperref.cfg
File: hyperref.cfg 2002/06/06 v1.2 hyperref configuration of TeXLive
)
Package hyperref Info: Hyper figures OFF on input line 4062.
Package hyperref Info: Link nesting OFF on input line 4067.
Package hyperref Info: Hyper index ON on input line 4070.
Package hyperref Info: Plain pages OFF on input line 4077.
Package hyperref Info: Backreferencing OFF on input line 4082.
Package hyperref Info: Implicit mode ON; LaTeX internals redefined.
Package hyperref Info: Bookmarks ON on input line 4300.
\c@Hy@tempcnt=\count97

(/usr/share/texlive/texmf-dist/tex/latex/url/url.sty
\Urlmuskip=\muskip10
Package: url 2006/04/12  ver 3.3  Verb mode for urls, etc.
)
LaTeX Info: Redefining \url on input line 4653.
\Fld@menulength=\count98
\Field@Width=\dimen121
\Fld@charsize=\dimen122
Package hyperref Info: Hyper figures OFF on input line 5773.
Package hyperref Info: Link nesting OFF on input line 5778.
Package hyperref Info: Hyper index ON on input line 5781.
Package hyperref Info: backreferencing OFF on input line 5788.
Package hyperref Info: Link coloring OFF on input line 5793.
Package hyperref Info: Link coloring with OCG OFF on input line 5798.
Package hyperref Info: PDF/A mode OFF on input line 5803.
LaTeX Info: Redefining \ref on input line 5843.
LaTeX Info: Redefining \pageref on input line 5847.
\Hy@abspage=\count99
\c@Item=\count100
\c@Hfootnote=\count101
)

Package hyperref Message: Driver (autodetected): hpdftex.

(/usr/share/texlive/texmf-dist/tex/latex/hyperref/hpdftex.def
File: hpdftex.def 2012/05/13 v6.82q Hyperref driver for pdfTeX
\Fld@listcount=\count102
\c@bookmark@seq@number=\count103

(/usr/share/texlive/texmf-dist/tex/latex/oberdiek/rerunfilecheck.sty
Package: rerunfilecheck 2011/04/15 v1.7 Rerun checks for auxiliary files (HO)
Package uniquecounter Info: New unique counter `rerunfilecheck' on input line 2
82.
)
\Hy@SectionHShift=\skip44
)
Package hyperref Info: Option `bookmarksopen' set `true' on input line 54.
Package hyperref Info: Option `bookmarksnumbered' set `true' on input line 54.
Package hyperref Info: Option `colorlinks' set `true' on input line 54.

(/usr/share/texlive/texmf-dist/tex/latex/base/inputenc.sty
Package: inputenc 2008/03/30 v1.1d Input encoding file
\inpenc@prehook=\toks18
\inpenc@posthook=\toks19

(/usr/share/texlive/texmf-dist/tex/latex/base/utf8.def
File: utf8.def 2008/04/05 v1.1m UTF-8 support for inputenc
Now handling font encoding OML ...
... no UTF-8 mapping file for font encoding OML
Now handling font encoding T1 ...
... processing UTF-8 mapping file for font encoding T1

(/usr/share/texlive/texmf-dist/tex/latex/base/t1enc.dfu
File: t1enc.dfu 2008/04/05 v1.1m UTF-8 support for inputenc
   defining Unicode char U+00A1 (decimal 161)
   defining Unicode char U+00A3 (decimal 163)
   defining Unicode char U+00AB (decimal 171)
   defining Unicode char U+00BB (decimal 187)
   defining Unicode char U+00BF (decimal 191)
   defining Unicode char U+00C0 (decimal 192)
   defining Unicode char U+00C1 (decimal 193)
   defining Unicode char U+00C2 (decimal 194)
   defining Unicode char U+00C3 (decimal 195)
   defining Unicode char U+00C4 (decimal 196)
   defining Unicode char U+00C5 (decimal 197)
   defining Unicode char U+00C6 (decimal 198)
   defining Unicode char U+00C7 (decimal 199)
   defining Unicode char U+00C8 (decimal 200)
   defining Unicode char U+00C9 (decimal 201)
   defining Unicode char U+00CA (decimal 202)
   defining Unicode char U+00CB (decimal 203)
   defining Unicode char U+00CC (decimal 204)
   defining Unicode char U+00CD (decimal 205)
   defining Unicode char U+00CE (decimal 206)
   defining Unicode char U+00CF (decimal 207)
   defining Unicode char U+00D0 (decimal 208)
   defining Unicode char U+00D1 (decimal 209)
   defining Unicode char U+00D2 (decimal 210)
   defining Unicode char U+00D3 (decimal 211)
   defining Unicode char U+00D4 (decimal 212)
   defining Unicode char U+00D5 (decimal 213)
   defining Unicode char U+00D6 (decimal 214)
   defining Unicode char U+00D8 (decimal 216)
   defining Unicode char U+00D9 (decimal 217)
   defining Unicode char U+00DA (decimal 218)
   defining Unicode char U+00DB (decimal 219)
   defining Unicode char U+00DC (decimal 220)
   defining Unicode char U+00DD (decimal 221)
   defining Unicode char U+00DE (decimal 222)
   defining Unicode char U+00DF (decimal 223)
   defining Unicode char U+00E0 (decimal 224)
   defining Unicode char U+00E1 (decimal 225)
   defining Unicode char U+00E2 (decimal 226)
   defining Unicode char U+00E3 (decimal 227)
   defining Unicode char U+00E4 (decimal 228)
   defining Unicode char U+00E5 (decimal 229)
   defining Unicode char U+00E6 (decimal 230)
   defining Unicode char U+00E7 (decimal 231)
   defining Unicode char U+00E8 (decimal 232)
   defining Unicode char U+00E9 (decimal 233)
   defining Unicode char U+00EA (decimal 234)
   defining Unicode char U+00EB (decimal 235)
   defining Unicode char U+00EC (decimal 236)
   defining Unicode char U+00ED (decimal 237)
   defining Unicode char U+00EE (decimal 238)
   defining Unicode char U+00EF (decimal 239)
   defining Unicode char U+00F0 (decimal 240)
   defining Unicode char U+00F1 (decimal 241)
   defining Unicode char U+00F2 (decimal 242)
   defining Unicode char U+00F3 (decimal 243)
   defining Unicode char U+00F4 (decimal 244)
   defining Unicode char U+00F5 (decimal 245)
   defining Unicode char U+00F6 (decimal 246)
   defining Unicode char U+00F8 (decimal 248)
   defining Unicode char U+00F9 (decimal 249)
   defining Unicode char U+00FA (decimal 250)
   defining Unicode char U+00FB (decimal 251)
   defining Unicode char U+00FC (decimal 252)
   defining Unicode char U+00FD (decimal 253)
   defining Unicode char U+00FE (decimal 254)
   defining Unicode char U+00FF (decimal 255)
   defining Unicode char U+0102 (decimal 258)
   defining Unicode char U+0103 (decimal 259)
   defining Unicode char U+0104 (decimal 260)
   defining Unicode char U+0105 (decimal 261)
   defining Unicode char U+0106 (decimal 262)
   defining Unicode char U+0107 (decimal 263)
   defining Unicode char U+010C (decimal 268)
   defining Unicode char U+010D (decimal 269)
   defining Unicode char U+010E (decimal 270)
   defining Unicode char U+010F (decimal 271)
   defining Unicode char U+0110 (decimal 272)
   defining Unicode char U+0111 (decimal 273)
   defining Unicode char U+0118 (decimal 280)
   defining Unicode char U+0119 (decimal 281)
   defining Unicode char U+011A (decimal 282)
   defining Unicode char U+011B (decimal 283)
   defining Unicode char U+011E (decimal 286)
   defining Unicode char U+011F (decimal 287)
   defining Unicode char U+0130 (decimal 304)
   defining Unicode char U+0131 (decimal 305)
   defining Unicode char U+0132 (decimal 306)
   defining Unicode char U+0133 (decimal 307)
   defining Unicode char U+0139 (decimal 313)
   defining Unicode char U+013A (decimal 314)
   defining Unicode char U+013D (decimal 317)
   defining Unicode char U+013E (decimal 318)
   defining Unicode char U+0141 (decimal 321)
   defining Unicode char U+0142 (decimal 322)
   defining Unicode char U+0143 (decimal 323)
   defining Unicode char U+0144 (decimal 324)
   defining Unicode char U+0147 (decimal 327)
   defining Unicode char U+0148 (decimal 328)
   defining Unicode char U+014A (decimal 330)
   defining Unicode char U+014B (decimal 331)
   defining Unicode char U+0150 (decimal 336)
   defining Unicode char U+0151 (decimal 337)
   defining Unicode char U+0152 (decimal 338)
   defining Unicode char U+0153 (decimal 339)
   defining Unicode char U+0154 (decimal 340)
   defining Unicode char U+0155 (decimal 341)
   defining Unicode char U+0158 (decimal 344)
   defining Unicode char U+0159 (decimal 345)
   defining Unicode char U+015A (decimal 346)
   defining Unicode char U+015B (decimal 347)
   defining Unicode char U+015E (decimal 350)
   defining Unicode char U+015F (decimal 351)
   defining Unicode char U+0160 (decimal 352)
   defining Unicode char U+0161 (decimal 353)
   defining Unicode char U+0162 (decimal 354)
   defining Unicode char U+0163 (decimal 355)
   defining Unicode char U+0164 (decimal 356)
   defining Unicode char U+0165 (decimal 357)
   defining Unicode char U+016E (decimal 366)
   defining Unicode char U+016F (decimal 367)
   defining Unicode char U+0170 (decimal 368)
   defining Unicode char U+0171 (decimal 369)
   defining Unicode char U+0178 (decimal 376)
   defining Unicode char U+0179 (decimal 377)
   defining Unicode char U+017A (decimal 378)
   defining Unicode char U+017B (decimal 379)
   defining Unicode char U+017C (decimal 380)
   defining Unicode char U+017D (decimal 381)
   defining Unicode char U+017E (decimal 382)
   defining Unicode char U+200C (decimal 8204)
   defining Unicode char U+2013 (decimal 8211)
   defining Unicode char U+2014 (decimal 8212)
   defining Unicode char U+2018 (decimal 8216)
   defining Unicode char U+2019 (decimal 8217)
   defining Unicode char U+201A (decimal 8218)
   defining Unicode char U+201C (decimal 8220)
   defining Unicode char U+201D (decimal 8221)
   defining Unicode char U+201E (decimal 8222)
   defining Unicode char U+2030 (decimal 8240)
   defining Unicode char U+2031 (decimal 8241)
   defining Unicode char U+2039 (decimal 8249)
   defining Unicode char U+203A (decimal 8250)
   defining Unicode char U+2423 (decimal 9251)
)
Now handling font encoding OT1 ...
... processing UTF-8 mapping file for font encoding OT1

(/usr/share/texlive/texmf-dist/tex/latex/base/ot1enc.dfu
File: ot1enc.dfu 2008/04/05 v1.1m UTF-8 support for inputenc
   defining Unicode char U+00A1 (decimal 161)
   defining Unicode char U+00A3 (decimal 163)
   defining Unicode char U+00B8 (decimal 184)
   defining Unicode char U+00BF (decimal 191)
   defining Unicode char U+00C5 (decimal 197)
   defining Unicode char U+00C6 (decimal 198)
   defining Unicode char U+00D8 (decimal 216)
   defining Unicode char U+00DF (decimal 223)
   defining Unicode char U+00E6 (decimal 230)
   defining Unicode char U+00EC (decimal 236)
   defining Unicode char U+00ED (decimal 237)
   defining Unicode char U+00EE (decimal 238)
   defining Unicode char U+00EF (decimal 239)
   defining Unicode char U+00F8 (decimal 248)
   defining Unicode char U+0131 (decimal 305)
   defining Unicode char U+0141 (decimal 321)
   defining Unicode char U+0142 (decimal 322)
   defining Unicode char U+0152 (decimal 338)
   defining Unicode char U+0153 (decimal 339)
   defining Unicode char U+2013 (decimal 8211)
   defining Unicode char U+2014 (decimal 8212)
   defining Unicode char U+2018 (decimal 8216)
   defining Unicode char U+2019 (decimal 8217)
   defining Unicode char U+201C (decimal 8220)
   defining Unicode char U+201D (decimal 8221)
)
Now handling font encoding OMS ...
... processing UTF-8 mapping file for font encoding OMS

(/usr/share/texlive/texmf-dist/tex/latex/base/omsenc.dfu
File: omsenc.dfu 2008/04/05 v1.1m UTF-8 support for inputenc
   defining Unicode char U+00A7 (decimal 167)
   defining Unicode char U+00B6 (decimal 182)
   defining Unicode char U+00B7 (decimal 183)
   defining Unicode char U+2020 (decimal 8224)
   defining Unicode char U+2021 (decimal 8225)
   defining Unicode char U+2022 (decimal 8226)
)
Now handling font encoding OMX ...
... no UTF-8 mapping file for font encoding OMX
Now handling font encoding U ...
... no UTF-8 mapping file for font encoding U
Now handling font encoding PD1 ...
... no UTF-8 mapping file for font encoding PD1
   defining Unicode char U+00A9 (decimal 169)
   defining Unicode char U+00AA (decimal 170)
   defining Unicode char U+00AE (decimal 174)
   defining Unicode char U+00BA (decimal 186)
   defining Unicode char U+02C6 (decimal 710)
   defining Unicode char U+02DC (decimal 732)
   defining Unicode char U+200C (decimal 8204)
   defining Unicode char U+2026 (decimal 8230)
   defining Unicode char U+2122 (decimal 8482)
   defining Unicode char U+2423 (decimal 9251)
))
(/var/lib/texmf/tex/generic/babel/babel.sty
Package: babel 2008/07/08 v3.8m The Babel package

(/usr/share/texlive/texmf-dist/tex/generic/babel/english.ldf
Language: english 2005/03/30 v3.3o English support from the babel system

(/usr/share/texlive/texmf-dist/tex/generic/babel/babel.def
File: babel.def 2008/07/08 v3.8m Babel common definitions
\babel@savecnt=\count104
\U@D=\dimen123
)
\l@canadian = a dialect from \language\l@american 
\l@australian = a dialect from \language\l@british 
\l@newzealand = a dialect from \language\l@british 
))
(/usr/share/texlive/texmf-dist/tex/latex/tools/array.sty
Package: array 2008/09/09 v2.4c Tabular extension package (FMi)
\col@sep=\dimen124
\extrarowheight=\dimen125
\NC@list=\toks20
\extratabsurround=\skip45
\backup@length=\skip46
)
(/usr/share/texmf/tex/latex/xcolor/xcolor.sty
Package: xcolor 2007/01/21 v2.11 LaTeX color extensions (UK)

(/usr/share/texlive/texmf-dist/tex/latex/latexconfig/color.cfg
File: color.cfg 2007/01/18 v1.5 color configuration of teTeX/TeXLive
)
Package xcolor Info: Package option `usenames' ignored on input line 216.
Package xcolor Info: Driver file: pdftex.def on input line 225.
Package xcolor Info: Model `cmy' substituted by `cmy0' on input line 1337.
Package xcolor Info: Model `hsb' substituted by `rgb' on input line 1341.
Package xcolor Info: Model `RGB' extended on input line 1353.
Package xcolor Info: Model `HTML' substituted by `rgb' on input line 1355.
Package xcolor Info: Model `Hsb' substituted by `hsb' on input line 1356.
Package xcolor Info: Model `tHsb' substituted by `hsb' on input line 1357.
Package xcolor Info: Model `HSB' substituted by `hsb' on input line 1358.
Package xcolor Info: Model `Gray' substituted by `gray' on input line 1359.
Package xcolor Info: Model `wave' substituted by `hsb' on input line 1360.

(/usr/share/texlive/texmf-dist/tex/latex/graphics/dvipsnam.def
File: dvipsnam.def 1999/02/16 v3.0i Driver-dependant file (DPC,SPQR)
))
(/usr/share/texlive/texmf-dist/tex/latex/tools/tabularx.sty
Package: tabularx 1999/01/07 v2.07 `tabularx' package (DPC)
\TX@col@width=\dimen126
\TX@old@table=\dimen127
\TX@old@col=\dimen128
\TX@target=\dimen129
\TX@delta=\dimen130
\TX@cols=\count105
\TX@ftn=\toks21
)
(/usr/share/texlive/texmf-dist/tex/latex/oberdiek/pdflscape.sty
Package: pdflscape 2008/08/11 v0.10 Display of landscape pages in PDF (HO)

(/usr/share/texlive/texmf-dist/tex/latex/graphics/lscape.sty
Package: lscape 2000/10/22 v3.01 Landscape Pages (DPC)
)
Package pdflscape Info: Auto-detected driver: pdftex on input line 80.
)
(./latexpackages/timetable.sty

LaTeX Warning: You have requested package `latexpackages/timetable',
               but the package provides `timetable'.

Package: timetable 
(/usr/share/texlive/texmf-dist/tex/latex/tools/calc.sty
Package: calc 2007/08/22 v4.3 Infix arithmetic (KKT,FJ)
\calc@Acount=\count106
\calc@Bcount=\count107
\calc@Adimen=\dimen131
\calc@Bdimen=\dimen132
\calc@Askip=\skip47
\calc@Bskip=\skip48
LaTeX Info: Redefining \setlength on input line 76.
LaTeX Info: Redefining \addtolength on input line 77.
\calc@Ccount=\count108
\calc@Cskip=\skip49
)
\@rowheight=\skip50
\@colwidth=\skip51
\c@@rowcount=\count109
\c@@colcount=\count110
\@textframe=\skip52
\@bottomspace=\skip53
\@totalheight=\skip54
\@totalwidth=\skip55
\@toprowheight=\skip56
\c@@timemarks=\count111
\c@@daymarks=\count112
\c@@topheight=\count113
\c@@printtimestamps=\count114
\@cornerradius=\skip57
\c@@frametype=\count115
\c@@framevalign=\count116
\@startposx=\skip58
\@startposy=\skip59
\@eventheight=\skip60
\@newcolwidth=\skip61
\@newrowheight=\skip62
\@newcolleft=\skip63
\@newrowtop=\skip64
\c@@hourslot=\count117
\c@@durationslots=\count118
\c@@minutesperslot=\count119
\c@@timetablehelp=\count120
\c@@day=\count121
\c@@column=\count122
\c@@row=\count123
\c@@hour=\count124
\c@@minute=\count125
\c@@minuteStep=\count126
\c@@startHour=\count127
\c@@startMinute=\count128
\c@@endHour=\count129
\c@@endMinute=\count130
\c@@hoursset=\count131
\c@@hourzero=\count132
)
(/usr/share/texlive/texmf-dist/tex/latex/colortbl/colortbl.sty
Package: colortbl 2012/02/13 v1.0a Color table columns (DPC)
\everycr=\toks22
\minrowclearance=\skip65
)
(/usr/share/texlive/texmf-dist/tex/latex/multirow/multirow.sty
\bigstrutjot=\dimen133
)
(/usr/share/texlive/texmf-dist/tex/latex/tools/multicol.sty
Package: multicol 2011/06/27 v1.7a multicolumn formatting (FMi)
\c@tracingmulticols=\count133
\mult@box=\box31
\multicol@leftmargin=\dimen134
\c@unbalance=\count134
\c@collectmore=\count135
\doublecol@number=\count136
\multicoltolerance=\count137
\multicolpretolerance=\count138
\full@width=\dimen135
\page@free=\dimen136
\premulticols=\dimen137
\postmulticols=\dimen138
\multicolsep=\skip66
\multicolbaselineskip=\skip67
\partial@page=\box32
\last@line=\box33
\mult@rightbox=\box34
\mult@grightbox=\box35
\mult@gfirstbox=\box36
\mult@firstbox=\box37
\@tempa=\box38
\@tempa=\box39
\@tempa=\box40
\@tempa=\box41
\@tempa=\box42
\@tempa=\box43
\@tempa=\box44
\@tempa=\box45
\@tempa=\box46
\@tempa=\box47
\@tempa=\box48
\@tempa=\box49
\@tempa=\box50
\@tempa=\box51
\@tempa=\box52
\@tempa=\box53
\@tempa=\box54
\c@columnbadness=\count139
\c@finalcolumnbadness=\count140
\last@try=\dimen139
\multicolovershoot=\dimen140
\multicolundershoot=\dimen141
\mult@nat@firstbox=\box55
\colbreak@box=\box56
\multicol@sort@counter=\count141
)
(/usr/share/texlive/texmf-dist/tex/latex/titlesec/titlesec.sty
Package: titlesec 2011/12/15 v2.10.0 Sectioning titles
\ttl@box=\box57
\beforetitleunit=\skip68
\aftertitleunit=\skip69
\ttl@plus=\dimen142
\ttl@minus=\dimen143
\ttl@toksa=\toks23
\titlewidth=\dimen144
\titlewidthlast=\dimen145
\titlewidthfirst=\dimen146
)
(/usr/share/texlive/texmf-dist/tex/latex/fancyhdr/fancyhdr.sty
\fancy@headwidth=\skip70
\f@ncyO@elh=\skip71
\f@ncyO@erh=\skip72
\f@ncyO@olh=\skip73
\f@ncyO@orh=\skip74
\f@ncyO@elf=\skip75
\f@ncyO@erf=\skip76
\f@ncyO@olf=\skip77
\f@ncyO@orf=\skip78
)

LaTeX Warning: Unused global option(s):
    [a4].

(./booklet.aux (./tex/preface.aux) (./tex/local.aux) (./tex/places.aux)
(./tex/abstracts_invited.aux) (./tex/abstracts_workshops.aux)
(./tex/organizers.aux) (./tex/schedule.aux) (./tex/sponsors.aux))
\openout1 = `booklet.aux'.

LaTeX Font Info:    Checking defaults for OML/cmm/m/it on input line 146.
LaTeX Font Info:    ... okay on input line 146.
LaTeX Font Info:    Checking defaults for T1/cmr/m/n on input line 146.
LaTeX Font Info:    ... okay on input line 146.
LaTeX Font Info:    Checking defaults for OT1/cmr/m/n on input line 146.
LaTeX Font Info:    ... okay on input line 146.
LaTeX Font Info:    Checking defaults for OMS/cmsy/m/n on input line 146.
LaTeX Font Info:    ... okay on input line 146.
LaTeX Font Info:    Checking defaults for OMX/cmex/m/n on input line 146.
LaTeX Font Info:    ... okay on input line 146.
LaTeX Font Info:    Checking defaults for U/cmr/m/n on input line 146.
LaTeX Font Info:    ... okay on input line 146.
LaTeX Font Info:    Checking defaults for PD1/pdf/m/n on input line 146.
LaTeX Font Info:    ... okay on input line 146.
LaTeX Font Info:    Try loading font information for OT1+ptm on input line 146.


(/usr/share/texlive/texmf-dist/tex/latex/psnfss/ot1ptm.fd
File: ot1ptm.fd 2001/06/04 font definitions for OT1/ptm.
)
(/usr/share/texlive/texmf-dist/tex/context/base/supp-pdf.mkii
[Loading MPS to PDF converter (version 2006.09.02).]
\scratchcounter=\count142
\scratchdimen=\dimen147
\scratchbox=\box58
\nofMPsegments=\count143
\nofMParguments=\count144
\everyMPshowfont=\toks24
\MPscratchCnt=\count145
\MPscratchDim=\dimen148
\MPnumerator=\count146
\makeMPintoPDFobject=\count147
\everyMPtoPDFconversion=\toks25
)
*geometry* driver: auto-detecting
*geometry* detected driver: pdftex
*geometry* verbose mode - [ preamble ] result:
* driver: pdftex
* paper: a4paper
* layout: <same size as paper>
* layoutoffset:(h,v)=(0.0pt,0.0pt)
* modes: twoside 
* h-part:(L,W,R)=(42.67912pt, 512.14963pt, 42.67912pt)
* v-part:(T,H,B)=(85.35826pt, 688.5567pt, 71.13188pt)
* \paperwidth=597.50787pt
* \paperheight=845.04684pt
* \textwidth=512.14963pt
* \textheight=688.5567pt
* \oddsidemargin=-29.59087pt
* \evensidemargin=-29.59087pt
* \topmargin=-41.59085pt
* \headheight=34.0pt
* \headsep=42.67912pt
* \topskip=9.0pt
* \footskip=22.76219pt
* \marginparwidth=131.0pt
* \marginparsep=10.0pt
* \columnsep=10.0pt
* \skip\footins=8.0pt plus 4.0pt minus 2.0pt
* \hoffset=0.0pt
* \voffset=0.0pt
* \mag=1000
* \@twocolumnfalse
* \@twosidetrue
* \@mparswitchtrue
* \@reversemarginfalse
* (1in=72.27pt=25.4mm, 1cm=28.453pt)

\AtBeginShipoutBox=\box59
Package hyperref Info: Link coloring ON on input line 146.
(/usr/share/texlive/texmf-dist/tex/latex/hyperref/nameref.sty
Package: nameref 2010/04/30 v2.40 Cross-referencing by name of section

(/usr/share/texlive/texmf-dist/tex/generic/oberdiek/gettitlestring.sty
Package: gettitlestring 2010/12/03 v1.4 Cleanup title references (HO)
)
\c@section@level=\count148
)
LaTeX Info: Redefining \ref on input line 146.
LaTeX Info: Redefining \pageref on input line 146.
LaTeX Info: Redefining \nameref on input line 146.

(./booklet.out) (./booklet.out)
\@outlinefile=\write3
\openout3 = `booklet.out'.


<local_img/rss-title.pdf, id=119, 402.50375pt x 114.4275pt>
File: local_img/rss-title.pdf Graphic file (type pdf)

<use local_img/rss-title.pdf>
Package pdftex.def Info: local_img/rss-title.pdf used on input line 160.
(pdftex.def)             Requested size: 426.79134pt x 121.33272pt.

<local_img/Robotics_Man.png, id=120, 4741.715pt x 4713.61pt>
File: local_img/Robotics_Man.png Graphic file (type png)

<use local_img/Robotics_Man.png>
Package pdftex.def Info: local_img/Robotics_Man.png used on input line 164.
(pdftex.def)             Requested size: 426.79134pt x 424.2066pt.
 [1

{/var/lib/texmf/fonts/map/pdftex/updmap/pdftex.map} <./local_img/rss-title.pdf>
 <./local_img/Robotics_Man.png>]
\openout2 = `tex/preface.aux'.


(./tex/preface.tex
LaTeX Font Info:    Try loading font information for OT1+phv on input line 10.
 (/usr/share/texlive/texmf-dist/tex/latex/psnfss/ot1phv.fd
File: ot1phv.fd 2001/06/04 scalable font definitions for OT1/phv.
)
LaTeX Font Info:    Font shape `OT1/ptm/bx/n' in size <10.95> not available
(Font)              Font shape `OT1/ptm/b/n' tried instead on input line 27.
)
<local_img/logo.png, id=132, 648.4225pt x 150.5625pt>
File: local_img/logo.png Graphic file (type png)
 <use local_img/logo.png>
Package pdftex.def Info: local_img/logo.png used on input line 188.
(pdftex.def)             Requested size: 122.52875pt x 28.45274pt.

[2



 <./local_img/logo.png>] (./booklet.toc
LaTeX Font Info:    Font shape `OT1/phv/bx/n' in size <8> not available
(Font)              Font shape `OT1/phv/b/n' tried instead on input line 2.
LaTeX Font Info:    External font `cmex7' loaded for size
(Font)              <6> on input line 3.
LaTeX Font Info:    External font `cmex7' loaded for size
(Font)              <5> on input line 3.
)
\tf@toc=\write4
\openout4 = `booklet.toc'.

File: local_img/logo.png Graphic file (type png)
 <use local_img/logo.png>
Package pdftex.def Info: local_img/logo.png used on input line 196.
(pdftex.def)             Requested size: 122.52875pt x 28.45274pt.
 [3



]
\openout2 = `tex/local.aux'.


(./tex/local.tex
File: local_img/logo.png Graphic file (type png)
 <use local_img/logo.png>
Package pdftex.def Info: local_img/logo.png used on input line 48.
(pdftex.def)             Requested size: 122.52875pt x 28.45274pt.
 [4



]
<local_img/maps/RSS_Campus_Map.pdf, id=184, 1084.15439pt x 937.94115pt>
File: local_img/maps/RSS_Campus_Map.pdf Graphic file (type pdf)

<use local_img/maps/RSS_Campus_Map.pdf>
Package pdftex.def Info: local_img/maps/RSS_Campus_Map.pdf used on input line 5
2.
(pdftex.def)             Requested size: 512.14963pt x 443.07936pt.
File: local_img/logo.png Graphic file (type png)
 <use local_img/logo.png>
Package pdftex.def Info: local_img/logo.png used on input line 57.
(pdftex.def)             Requested size: 122.52875pt x 28.45274pt.
 [5

 <./local_img/maps/RSS_Campus_Map.pdf>]
<local_img/maps/H_booklet.pdf, id=203, 625.78403pt x 697.48912pt>
File: local_img/maps/H_booklet.pdf Graphic file (type pdf)

<use local_img/maps/H_booklet.pdf>
Package pdftex.def Info: local_img/maps/H_booklet.pdf used on input line 62.
(pdftex.def)             Requested size: 494.24937pt x 550.84746pt.
File: local_img/logo.png Graphic file (type png)
 <use local_img/logo.png>
Package pdftex.def Info: local_img/logo.png used on input line 65.
(pdftex.def)             Requested size: 122.52875pt x 28.45274pt.
 [6 <./local_img/maps/H_booklet.pdf>]
<local_img/maps/MAR_booklet.pdf, id=231, 603.10316pt x 808.27655pt>
File: local_img/maps/MAR_booklet.pdf Graphic file (type pdf)

<use local_img/maps/MAR_booklet.pdf>
Package pdftex.def Info: local_img/maps/MAR_booklet.pdf used on input line 71.
(pdftex.def)             Requested size: 411.02498pt x 550.84746pt.
File: local_img/logo.png Graphic file (type png)
 <use local_img/logo.png>
Package pdftex.def Info: local_img/logo.png used on input line 77.
(pdftex.def)             Requested size: 122.52875pt x 28.45274pt.
 [7 <./local_img/maps/MAR_booklet.pdf>]
<local_img/maps/interactive_session.pdf, id=246, 151.56625pt x 105.39375pt>
File: local_img/maps/interactive_session.pdf Graphic file (type pdf)

<use local_img/maps/interactive_session.pdf>
Package pdftex.def Info: local_img/maps/interactive_session.pdf used on input l
ine 84.
(pdftex.def)             Requested size: 396.14668pt x 275.41847pt.
LaTeX Font Info:    Try loading font information for OMS+ptm on input line 92.

(/usr/share/texlive/texmf-dist/tex/latex/psnfss/omsptm.fd
File: omsptm.fd 
)
LaTeX Font Info:    Font shape `OMS/ptm/m/n' in size <9> not available
(Font)              Font shape `OMS/cmsy/m/n' tried instead on input line 92.

<local_img/maps/katerholzig_labeled.png, id=247, 1445.4pt x 963.6pt>
File: local_img/maps/katerholzig_labeled.png Graphic file (type png)

<use local_img/maps/katerholzig_labeled.png>
Package pdftex.def Info: local_img/maps/katerholzig_labeled.png used on input l
ine 100.
(pdftex.def)             Requested size: 216.81pt x 144.53375pt.
File: local_img/logo.png Graphic file (type png)
 <use local_img/logo.png>
Package pdftex.def Info: local_img/logo.png used on input line 108.
(pdftex.def)             Requested size: 122.52875pt x 28.45274pt.
 [8

 <./local_img/maps/interactive_session.pdf> <./local_img/maps/katerholzig_label
ed.png>]

pdfTeX warning: pdflatex (file ./local_img/maps/bvg.pdf): PDF inclusion: found 
PDF version <1.6>, but at most version <1.5> allowed
<local_img/maps/bvg.pdf, id=256, 1195.0156pt x 845.0471pt>
File: local_img/maps/bvg.pdf Graphic file (type pdf)

<use local_img/maps/bvg.pdf>
Package pdftex.def Info: local_img/maps/bvg.pdf used on input line 111.
(pdftex.def)             Requested size: 651.82675pt x 460.93153pt.
File: local_img/logo.png Graphic file (type png)
 <use local_img/logo.png>
Package pdftex.def Info: local_img/logo.png used on input line 113.
(pdftex.def)             Requested size: 122.52875pt x 28.45274pt.
 [9

 <./local_img/maps/bvg.pdf>])
\openout2 = `tex/places.aux'.

 (./tex/places.tex
<local_img/maps/lunchmap_indexed.png, id=330, 2890.8pt x 1927.2pt>
File: local_img/maps/lunchmap_indexed.png Graphic file (type png)

<use local_img/maps/lunchmap_indexed.png>
Package pdftex.def Info: local_img/maps/lunchmap_indexed.png used on input line
 17.
(pdftex.def)             Requested size: 505.89pt x 337.23566pt.
LaTeX Font Info:    Font shape `OT1/ptm/bx/n' in size <8> not available
(Font)              Font shape `OT1/ptm/b/n' tried instead on input line 27.
)
File: local_img/logo.png Graphic file (type png)
 <use local_img/logo.png>
Package pdftex.def Info: local_img/logo.png used on input line 201.
(pdftex.def)             Requested size: 122.52875pt x 28.45274pt.
 [10




 <./local_img/maps/lunchmap_indexed.png>]
\openout2 = `tex/abstracts_invited.aux'.

 (./tex/abstracts_invited.tex
Underfull \hbox (badness 10000) in paragraph at lines 57--57

 []

<local_img/speakers/ephros.jpg, id=337, 320.19624pt x 321.2pt>
File: local_img/speakers/ephros.jpg Graphic file (type jpg)

<use local_img/speakers/ephros.jpg>
Package pdftex.def Info: local_img/speakers/ephros.jpg used on input line 57.
(pdftex.def)             Requested size: 141.81996pt x 142.26378pt.
LaTeX Font Info:    Font shape `OT1/ptm/bx/n' in size <9> not available
(Font)              Font shape `OT1/ptm/b/n' tried instead on input line 57.

Underfull \hbox (badness 10000) in paragraph at lines 71--71

 []

<local_img/speakers/dandrea.png, id=338, 164.11313pt x 246.1697pt>
File: local_img/speakers/dandrea.png Graphic file (type png)

<use local_img/speakers/dandrea.png>
Package pdftex.def Info: local_img/speakers/dandrea.png used on input line 71.
(pdftex.def)             Requested size: 94.84511pt x 142.26378pt.

Underfull \hbox (badness 10000) in paragraph at lines 84--84

 []

<local_img/speakers/parish.jpg, id=339, 276.28218pt x 249.93375pt>
File: local_img/speakers/parish.jpg Graphic file (type jpg)

<use local_img/speakers/parish.jpg>
Package pdftex.def Info: local_img/speakers/parish.jpg used on input line 84.
(pdftex.def)             Requested size: 157.26747pt x 142.26378pt.

Underfull \vbox (badness 10000) has occurred while \output is active []

File: local_img/logo.png Graphic file (type png)

<use local_img/logo.png>
Package pdftex.def Info: local_img/logo.png used on input line 84.
(pdftex.def)             Requested size: 122.52875pt x 28.45274pt.
 [11



 <./local_img/speakers/ephros.jpg> <./local_img/speakers/dandrea.png>]
Underfull \hbox (badness 10000) in paragraph at lines 95--95

 []

<local_img/speakers/brooks.jpg, id=345, 501.875pt x 620.3175pt>
File: local_img/speakers/brooks.jpg Graphic file (type jpg)

<use local_img/speakers/brooks.jpg>
Package pdftex.def Info: local_img/speakers/brooks.jpg used on input line 95.
(pdftex.def)             Requested size: 115.09952pt x 142.26378pt.

Underfull \vbox (badness 10000) has occurred while \output is active []

File: local_img/logo.png Graphic file (type png)

<use local_img/logo.png>
Package pdftex.def Info: local_img/logo.png used on input line 95.
(pdftex.def)             Requested size: 122.52875pt x 28.45274pt.
 [12 <./local_img/speakers/parish.jpg>]
Underfull \hbox (badness 10000) in paragraph at lines 103--103

 []

<local_img/speakers/burgess.jpg, id=350, 401.5pt x 555.07375pt>
File: local_img/speakers/burgess.jpg Graphic file (type jpg)

<use local_img/speakers/burgess.jpg>
Package pdftex.def Info: local_img/speakers/burgess.jpg used on input line 103.

(pdftex.def)             Requested size: 102.90494pt x 142.26378pt.

Underfull \vbox (badness 10000) has occurred while \output is active []

File: local_img/logo.png Graphic file (type png)

<use local_img/logo.png>
Package pdftex.def Info: local_img/logo.png used on input line 106.
(pdftex.def)             Requested size: 122.52875pt x 28.45274pt.
 [13 <./local_img/speakers/brooks.jpg> <./local_img/speakers/burgess.jpg>]
Underfull \hbox (badness 10000) in paragraph at lines 114--114

 []

<local_img/speakers/srinivasa.jpg, id=356, 240.9pt x 323.2075pt>
File: local_img/speakers/srinivasa.jpg Graphic file (type jpg)

<use local_img/speakers/srinivasa.jpg>
Package pdftex.def Info: local_img/speakers/srinivasa.jpg used on input line 11
4.
(pdftex.def)             Requested size: 106.03308pt x 142.26378pt.

Underfull \hbox (badness 10000) in paragraph at lines 124--124

 []

<local_img/speakers/kress-gazit.jpg, id=357, 230.8625pt x 346.29375pt>
File: local_img/speakers/kress-gazit.jpg Graphic file (type jpg)

<use local_img/speakers/kress-gazit.jpg>
Package pdftex.def Info: local_img/speakers/kress-gazit.jpg used on input line 
124.
(pdftex.def)             Requested size: 94.84445pt x 142.26378pt.
)
Underfull \vbox (badness 10000) has occurred while \output is active []

File: local_img/logo.png Graphic file (type png)

<use local_img/logo.png>
Package pdftex.def Info: local_img/logo.png used on input line 203.
(pdftex.def)             Requested size: 122.52875pt x 28.45274pt.
 [14

 <./local_img/speakers/srinivasa.jpg> <./local_img/speakers/kress-gazit.jpg>]
\openout2 = `tex/abstracts_workshops.aux'.

 (./tex/abstracts_workshops.tex
LaTeX Font Info:    Font shape `OT1/phv/bx/n' in size <14.4> not available
(Font)              Font shape `OT1/phv/b/n' tried instead on input line 58.
File: local_img/logo.png Graphic file (type png)

<use local_img/logo.png>
Package pdftex.def Info: local_img/logo.png used on input line 93.
(pdftex.def)             Requested size: 122.52875pt x 28.45274pt.
 [15



]
File: local_img/logo.png Graphic file (type png)
 <use local_img/logo.png>
Package pdftex.def Info: local_img/logo.png used on input line 126.
(pdftex.def)             Requested size: 122.52875pt x 28.45274pt.
 [16]
File: local_img/logo.png Graphic file (type png)

<use local_img/logo.png>
Package pdftex.def Info: local_img/logo.png used on input line 165.
(pdftex.def)             Requested size: 122.52875pt x 28.45274pt.
 [17]
File: local_img/logo.png Graphic file (type png)
 <use local_img/logo.png>
Package pdftex.def Info: local_img/logo.png used on input line 185.
(pdftex.def)             Requested size: 122.52875pt x 28.45274pt.
 [18]
File: local_img/logo.png Graphic file (type png)

<use local_img/logo.png>
Package pdftex.def Info: local_img/logo.png used on input line 228.
(pdftex.def)             Requested size: 122.52875pt x 28.45274pt.
 [19

]
File: local_img/logo.png Graphic file (type png)
 <use local_img/logo.png>
Package pdftex.def Info: local_img/logo.png used on input line 260.
(pdftex.def)             Requested size: 122.52875pt x 28.45274pt.
 [20]
File: local_img/logo.png Graphic file (type png)

<use local_img/logo.png>
Package pdftex.def Info: local_img/logo.png used on input line 293.
(pdftex.def)             Requested size: 122.52875pt x 28.45274pt.
 [21])
\openout2 = `tex/organizers.aux'.

 (./tex/organizers.tex

Package hyperref Warning: The anchor of a bookmark and its parent's must not
(hyperref)                be the same. Added a new anchor on input line 6.


Underfull \hbox (badness 10000) in paragraph at lines 48--80

 []

)
File: local_img/logo.png Graphic file (type png)
 <use local_img/logo.png>
Package pdftex.def Info: local_img/logo.png used on input line 207.
(pdftex.def)             Requested size: 122.52875pt x 28.45274pt.
 [22




]
\openout2 = `tex/schedule.aux'.

 (./tex/schedule.tex
Overfull \hbox (1.70996pt too wide) in paragraph at lines 35--91
[]  
 []

File: local_img/logo.png Graphic file (type png)
<use local_img/logo.png>
Package pdftex.def Info: local_img/logo.png used on input line 133.
(pdftex.def)             Requested size: 122.52875pt x 28.45274pt.
 [23



]
File: local_img/logo.png Graphic file (type png)
 <use local_img/logo.png>
Package pdftex.def Info: local_img/logo.png used on input line 174.
(pdftex.def)             Requested size: 122.52875pt x 28.45274pt.
 [24


]
LaTeX Font Info:    Font shape `OT1/phv/bx/n' in size <7> not available
(Font)              Font shape `OT1/phv/b/n' tried instead on input line 215.
File: local_img/logo.png Graphic file (type png)

<use local_img/logo.png>
Package pdftex.def Info: local_img/logo.png used on input line 218.
(pdftex.def)             Requested size: 122.52875pt x 28.45274pt.
 [25

]
File: local_img/logo.png Graphic file (type png)
 <use local_img/logo.png>
Package pdftex.def Info: local_img/logo.png used on input line 278.
(pdftex.def)             Requested size: 122.52875pt x 28.45274pt.
 [26

]
File: local_img/logo.png Graphic file (type png)

<use local_img/logo.png>
Package pdftex.def Info: local_img/logo.png used on input line 304.
(pdftex.def)             Requested size: 122.52875pt x 28.45274pt.
 [27

]
File: local_img/logo.png Graphic file (type png)
 <use local_img/logo.png>
Package pdftex.def Info: local_img/logo.png used on input line 350.
(pdftex.def)             Requested size: 122.52875pt x 28.45274pt.
 [28

])
\openout2 = `tex/sponsors.aux'.


(./tex/sponsors.tex
Underfull \hbox (badness 10000) in paragraph at lines 19--24

 []

LaTeX Font Info:    Font shape `OT1/phv/bx/n' in size <9> not available
(Font)              Font shape `OT1/phv/b/n' tried instead on input line 30.
LaTeX Font Info:    Font shape `OT1/phv/bx/n' in size <12> not available
(Font)              Font shape `OT1/phv/b/n' tried instead on input line 30.

<local_img/sponsors/NEW_Glogo_flat_CMYK_Coated.pdf, id=537, 219.82124pt x 73.27
374pt>
File: local_img/sponsors/NEW_Glogo_flat_CMYK_Coated.pdf Graphic file (type pdf)

 <use local_img/sponsors/NEW_Glogo_flat_CMYK_Coated.pdf>
Package pdftex.def Info: local_img/sponsors/NEW_Glogo_flat_CMYK_Coated.pdf used
 on input line 33.
(pdftex.def)             Requested size: 199.1756pt x 66.39185pt.

<local_img/sponsors/intel_4c_100.pdf, id=538, 73.27374pt x 50.1875pt>
File: local_img/sponsors/intel_4c_100.pdf Graphic file (type pdf)

<use local_img/sponsors/intel_4c_100.pdf>
Package pdftex.def Info: local_img/sponsors/intel_4c_100.pdf used on input line
 35.
(pdftex.def)             Requested size: 112.17775pt x 76.83408pt.

<local_img/sponsors/MSFT_logo_c_C-Gray.pdf, id=539, 504.88625pt x 185.69376pt>
File: local_img/sponsors/MSFT_logo_c_C-Gray.pdf Graphic file (type pdf)

<use local_img/sponsors/MSFT_logo_c_C-Gray.pdf>
Package pdftex.def Info: local_img/sponsors/MSFT_logo_c_C-Gray.pdf used on inpu
t line 38.
(pdftex.def)             Requested size: 199.16978pt x 73.2533pt.

<local_img/sponsors/willow_garage_logo_final.pdf, id=540, 707.64375pt x 375.402
5pt>
File: local_img/sponsors/willow_garage_logo_final.pdf Graphic file (type pdf)
 <use local_img/sponsors/willow_garage_logo_final.pdf>
Package pdftex.def Info: local_img/sponsors/willow_garage_logo_final.pdf used o
n input line 40.
(pdftex.def)             Requested size: 144.80876pt x 76.82053pt.
LaTeX Font Info:    Font shape `OT1/phv/bx/n' in size <10.95> not available
(Font)              Font shape `OT1/phv/b/n' tried instead on input line 45.

<local_img/sponsors/AldebaranRoboticsLogoCouleur.pdf, id=541, 602.25pt x 160.6p
t>
File: local_img/sponsors/AldebaranRoboticsLogoCouleur.pdf Graphic file (type pd
f)
 <use local_img/sponsors/AldebaranRoboticsLogoCouleur.pdf>
Package pdftex.def Info: local_img/sponsors/AldebaranRoboticsLogoCouleur.pdf us
ed on input line 48.
(pdftex.def)             Requested size: 85.35284pt x 22.76076pt.

<local_img/sponsors/BTechLogoStacked.pdf, id=542, 646.415pt x 170.6375pt>
File: local_img/sponsors/BTechLogoStacked.pdf Graphic file (type pdf)

<use local_img/sponsors/BTechLogoStacked.pdf>
Package pdftex.def Info: local_img/sponsors/BTechLogoStacked.pdf used on input 
line 49.
(pdftex.def)             Requested size: 85.3586pt x 22.53255pt.

<local_img/sponsors/WalkingMickey_inline.png, id=543, 2746.26pt x 1011.78pt>
File: local_img/sponsors/WalkingMickey_inline.png Graphic file (type png)

<use local_img/sponsors/WalkingMickey_inline.png>
Package pdftex.def Info: local_img/sponsors/WalkingMickey_inline.png used on in
put line 50.
(pdftex.def)             Requested size: 85.31755pt x 31.43279pt.

<local_img/sponsors/ergosurg.pdf, id=544, 224.84pt x 34.1275pt>
File: local_img/sponsors/ergosurg.pdf Graphic file (type pdf)

<use local_img/sponsors/ergosurg.pdf>
Package pdftex.def Info: local_img/sponsors/ergosurg.pdf used on input line 52.

(pdftex.def)             Requested size: 85.35774pt x 12.95607pt.

<local_img/sponsors/ford-mit.pdf, id=545, 72.27pt x 7.02625pt>
File: local_img/sponsors/ford-mit.pdf Graphic file (type pdf)

<use local_img/sponsors/ford-mit.pdf>
Package pdftex.def Info: local_img/sponsors/ford-mit.pdf used on input line 53.

(pdftex.def)             Requested size: 85.36275pt x 8.29913pt.

<local_img/sponsors/istc-pc-horizontal.pdf, id=546, 759.83875pt x 117.43875pt>
File: local_img/sponsors/istc-pc-horizontal.pdf Graphic file (type pdf)

<use local_img/sponsors/istc-pc-horizontal.pdf>
Package pdftex.def Info: local_img/sponsors/istc-pc-horizontal.pdf used on inpu
t line 54.
(pdftex.def)             Requested size: 85.35643pt x 13.19246pt.

<local_img/sponsors/MPI_LOGO_4C.pdf, id=547, 151.56625pt x 121.45375pt>
File: local_img/sponsors/MPI_LOGO_4C.pdf Graphic file (type pdf)

<use local_img/sponsors/MPI_LOGO_4C.pdf>
Package pdftex.def Info: local_img/sponsors/MPI_LOGO_4C.pdf used on input line 
56.
(pdftex.def)             Requested size: 63.91177pt x 51.21407pt.

<local_img/sponsors/RodneyBrooks.png, id=548, 170.73787pt x 21.07875pt>
File: local_img/sponsors/RodneyBrooks.png Graphic file (type png)

<use local_img/sponsors/RodneyBrooks.png>
Package pdftex.def Info: local_img/sponsors/RodneyBrooks.png used on input line
 57.
(pdftex.def)             Requested size: 85.35829pt x 10.53804pt.

<local_img/sponsors/Springer_cmyk.pdf, id=549, 99.37125pt x 27.10126pt>
File: local_img/sponsors/Springer_cmyk.pdf Graphic file (type pdf)

<use local_img/sponsors/Springer_cmyk.pdf>
Package pdftex.def Info: local_img/sponsors/Springer_cmyk.pdf used on input lin
e 58.
(pdftex.def)             Requested size: 85.36055pt x 23.28015pt.

<local_img/sponsors/AvH_Logo_n7_4c-nosafespace.pdf, id=550, 123.46124pt x 62.23
25pt>
File: local_img/sponsors/AvH_Logo_n7_4c-nosafespace.pdf Graphic file (type pdf)

 <use local_img/sponsors/AvH_Logo_n7_4c-nosafespace.pdf>
Package pdftex.def Info: local_img/sponsors/AvH_Logo_n7_4c-nosafespace.pdf used
 on input line 67.
(pdftex.def)             Requested size: 71.1347pt x 35.85652pt.

<local_img/sponsors/arl.pdf, id=551, 505.89pt x 202.7575pt>
File: local_img/sponsors/arl.pdf Graphic file (type pdf)

<use local_img/sponsors/arl.pdf>
Package pdftex.def Info: local_img/sponsors/arl.pdf used on input line 69.
(pdftex.def)             Requested size: 71.12515pt x 28.50652pt.

<local_img/sponsors/dfg_logo_blau_4c.pdf, id=552, 84.315pt x 30.1125pt>
File: local_img/sponsors/dfg_logo_blau_4c.pdf Graphic file (type pdf)

<use local_img/sponsors/dfg_logo_blau_4c.pdf>
Package pdftex.def Info: local_img/sponsors/dfg_logo_blau_4c.pdf used on input 
line 71.
(pdftex.def)             Requested size: 71.13286pt x 25.40459pt.

<local_img/sponsors/ONRglobalFinalCMYK300.jpg, id=553, 2409.0pt x 1083.04625pt>
File: local_img/sponsors/ONRglobalFinalCMYK300.jpg Graphic file (type jpg)
<use local_img/sponsors/ONRglobalFinalCMYK300.jpg>
Package pdftex.def Info: local_img/sponsors/ONRglobalFinalCMYK300.jpg used on i
nput line 73.
(pdftex.def)             Requested size: 71.12737pt x 31.97768pt.
File: local_img/sponsors/NEW_Glogo_flat_CMYK_Coated.pdf Graphic file (type pdf)


<use local_img/sponsors/NEW_Glogo_flat_CMYK_Coated.pdf>
Package pdftex.def Info: local_img/sponsors/NEW_Glogo_flat_CMYK_Coated.pdf used
 on input line 88.
(pdftex.def)             Requested size: 85.35762pt x 28.45274pt.
File: local_img/sponsors/Springer_cmyk.pdf Graphic file (type pdf)

<use local_img/sponsors/Springer_cmyk.pdf>
Package pdftex.def Info: local_img/sponsors/Springer_cmyk.pdf used on input lin
e 90.
(pdftex.def)             Requested size: 104.33226pt x 28.45274pt.

<local_img/RBO_name_lockup_rgb-3_rot.pdf, id=554, 229.13203pt x 143.92873pt>
File: local_img/RBO_name_lockup_rgb-3_rot.pdf Graphic file (type pdf)

<use local_img/RBO_name_lockup_rgb-3_rot.pdf>
Package pdftex.def Info: local_img/RBO_name_lockup_rgb-3_rot.pdf used on input 
line 97.
(pdftex.def)             Requested size: 67.94298pt x 42.67912pt.
) [29




 <./local_img/sponsors/NEW_Glogo_flat_CMYK_Coated.pdf> <./local_img/sponsors/in
tel_4c_100.pdf> <./local_img/sponsors/MSFT_logo_c_C-Gray.pdf> <./local_img/spon
sors/willow_garage_logo_final.pdf> <./local_img/sponsors/AldebaranRoboticsLogoC
ouleur.pdf> <./local_img/sponsors/BTechLogoStacked.pdf> <./local_img/sponsors/W
alkingMickey_inline.png> <./local_img/sponsors/ergosurg.pdf> <./local_img/spons
ors/ford-mit.pdf> <./local_img/sponsors/istc-pc-horizontal.pdf> <./local_img/sp
onsors/MPI_LOGO_4C.pdf> <./local_img/sponsors/RodneyBrooks.png> <./local_img/sp
onsors/Springer_cmyk.pdf> <./local_img/sponsors/AvH_Logo_n7_4c-nosafespace.pdf>
 <./local_img/sponsors/arl.pdf> <./local_img/sponsors/dfg_logo_blau_4c.pdf> <./
local_img/sponsors/ONRglobalFinalCMYK300.jpg> <./local_img/RBO_name_lockup_rgb-
3_rot.pdf>]
Package atveryend Info: Empty hook `BeforeClearDocument' on input line 232.
Package atveryend Info: Empty hook `AfterLastShipout' on input line 232.
 (./booklet.aux
(./tex/preface.aux) (./tex/local.aux) (./tex/places.aux)
(./tex/abstracts_invited.aux) (./tex/abstracts_workshops.aux)
(./tex/organizers.aux) (./tex/schedule.aux) (./tex/sponsors.aux))
Package atveryend Info: Executing hook `AtVeryEndDocument' on input line 232.
Package atveryend Info: Executing hook `AtEndAfterFileList' on input line 232.
Package rerunfilecheck Info: File `booklet.out' has not changed.
(rerunfilecheck)             Checksum: 82CABB09289E1283709F86ABD093ED5F;1983.
Package atveryend Info: Empty hook `AtVeryVeryEnd' on input line 232.
 ) 
Here is how much of TeX's memory you used:
 8203 strings out of 493485
 121578 string characters out of 3143525
 382703 words of memory out of 3000000
 11171 multiletter control sequences out of 15000+200000
 43289 words of font info for 71 fonts, out of 3000000 for 9000
 957 hyphenation exceptions out of 8191
 518i,16n,1192p,1436b,578s stack positions out of 5000i,500n,10000p,200000b,50000s
{/usr/share/texlive/texmf-dist/fonts/enc/dvips/base/8r.enc}</usr/share/texliv
e/texmf-dist/fonts/type1/public/amsfonts/cm/cmsy9.pfb></usr/share/texlive/texmf
-dist/fonts/type1/public/amsfonts/latxfont/lcircle1.pfb></usr/share/texlive/tex
mf-dist/fonts/type1/urw/helvetic/uhvb8a.pfb></usr/share/texlive/texmf-dist/font
s/type1/urw/helvetic/uhvr8a.pfb></usr/share/texlive/texmf-dist/fonts/type1/urw/
times/utmb8a.pfb></usr/share/texlive/texmf-dist/fonts/type1/urw/times/utmr8a.pf
b></usr/share/texlive/texmf-dist/fonts/type1/urw/times/utmri8a.pfb>
Output written on booklet.pdf (29 pages, 13487836 bytes).
PDF statistics:
 668 PDF objects out of 1000 (max. 8388607)
 528 compressed objects within 6 object streams
 60 named destinations out of 1000 (max. 500000)
 408 words of extra memory for PDF output out of 10000 (max. 10000000)

